<?xml version="1.0" encoding="UTF-8"?>
<testng-results ignored="0" total="1" passed="1" failed="0" skipped="0">
  <reporter-output>
  </reporter-output>
  <suite started-at="2019-12-25T11:51:17 IST" name="Default suite" finished-at="2019-12-25T11:51:20 IST" duration-ms="2989">
    <groups>
    </groups>
    <test started-at="2019-12-25T11:51:17 IST" name="Default test" finished-at="2019-12-25T11:51:20 IST" duration-ms="2989">
      <class name="Sampleone.Restassuredproject.addBook">
        <test-method signature="addBookReq()[pri:0, instance:Sampleone.Restassuredproject.addBook@3c72f59f]" started-at="2019-12-25T11:51:17 IST" name="addBookReq" finished-at="2019-12-25T11:51:20 IST" duration-ms="2932" status="PASS">
          <reporter-output>
          </reporter-output>
        </test-method> <!-- addBookReq -->
      </class> <!-- Sampleone.Restassuredproject.addBook -->
    </test> <!-- Default test -->
  </suite> <!-- Default suite -->
</testng-results>
